<?xml version="1.0" encoding="UTF-8"?>
<testsuite xmlns:xsi="http://www.w3.org/2001/XMLSchema-instance" xsi:noNamespaceSchemaLocation="https://maven.apache.org/surefire/maven-surefire-plugin/xsd/surefire-test-report-3.0.xsd" version="3.0" name="components.core.DeckOfCardsTest" time="0.006" tests="7" errors="0" skipped="0" failures="0">
  <properties>
[...]
</properties>
  <testcase name="dealHandReducesDeckSize" classname="components.core.DeckOfCardsTest" time="0.001"/>
  <testcase name="removeCardReducesDeckSize" classname="components.core.DeckOfCardsTest" time="0.001"/>
  <testcase name="deckInitializationCreates52Cards" classname="components.core.DeckOfCardsTest" time="0.001"/>
  <testcase name="getCardFromIndexReturnsCorrectCard" classname="components.core.DeckOfCardsTest" time="0.0"/>
  <testcase name="dealHandReturnsCorrectNumberOfCards" classname="components.core.DeckOfCardsTest" time="0.0"/>
  <testcase name="initializeDeckResetsTo52Cards" classname="components.core.DeckOfCardsTest" time="0.001"/>
  <testcase name="getCardsAsStringReturnsCorrectFormat" classname="components.core.DeckOfCardsTest" time="0.001"/>
</testsuite>